Using pre-set license
Built from 'trunk' branch; Version is '2020.2.0a18 (4f8709444da6) revision 5211913'; Using compiler version '192528614'; Build Type 'Release'
OS: 'Windows 10  (10.0.0) 64bit' Language: 'en' Physical Memory: 16334 MB
BatchMode: 1, IsHumanControllingUs: 0, StartBugReporterOnCrash: 0, Is64bit: 1, IsPro: 0

 COMMAND LINE ARGUMENTS:
C:\Program Files\Unity\Hub\Editor\2020.2.0a18\Editor\Unity.exe
-adb2
-batchMode
-noUpm
-name
AssetImportWorker1
-projectPath
C:/Users/dkalo/Desktop/oca/Game
-logFile
Logs/AssetImportWorker1.log
-srvPort
65069
Successfully changed project path to: C:/Users/dkalo/Desktop/oca/Game
C:/Users/dkalo/Desktop/oca/Game
Using Asset Import Pipeline V2.
Refreshing native plugins compatible for Editor in 53.52 ms, found 0 plugins.
Preloading 0 native plugins for Editor in 0.00 ms.
Initialize engine version: 2020.2.0a18 (4f8709444da6)
[Subsystems] Discovering subsystems at path C:/Program Files/Unity/Hub/Editor/2020.2.0a18/Editor/Data/Resources/UnitySubsystems
[Subsystems] Discovering subsystems at path C:/Users/dkalo/Desktop/oca/Game/Assets
GfxDevice: creating device client; threaded=0
Direct3D:
    Version:  Direct3D 11.0 [level 11.1]
    Renderer: NVIDIA GeForce GTX 1070 Ti (ID=0x1b82)
    Vendor:   
    VRAM:     8080 MB
    Driver:   26.21.14.3200
Initialize mono
Mono path[0] = 'C:/Program Files/Unity/Hub/Editor/2020.2.0a18/Editor/Data/Managed'
Mono path[1] = 'C:/Program Files/Unity/Hub/Editor/2020.2.0a18/Editor/Data/MonoBleedingEdge/lib/mono/unityjit'
Mono config path = 'C:/Program Files/Unity/Hub/Editor/2020.2.0a18/Editor/Data/MonoBleedingEdge/etc'
Using monoOptions --debugger-agent=transport=dt_socket,embedding=1,server=y,suspend=n,address=127.0.0.1:56800
Begin MonoManager ReloadAssembly
Registering precompiled unity dll's ...
Register platform support module: C:/Program Files/Unity/Hub/Editor/2020.2.0a18/Editor/Data/PlaybackEngines/WindowsStandaloneSupport/UnityEditor.WindowsStandalone.Extensions.dll
Registered in 0.003399 seconds.
Native extension for WindowsStandalone target not found
Refreshing native plugins compatible for Editor in 45.65 ms, found 0 plugins.
Preloading 0 native plugins for Editor in 0.00 ms.
Invoked RoslynAnalysisRunner static constructor.
RoslynAnalysisRunner will not be running.
RoslynAnalysisRunner has terminated.
Mono: successfully reloaded assembly
- Completed reload, in  1.791 seconds
Registering precompiled user dll's ...
Registered in 0.151276 seconds.
Platform modules already initialized, skipping
Begin MonoManager ReloadAssembly
Symbol file LoadedFromMemory doesn't match image C:\Users\dkalo\Desktop\oca\Game\Library\PackageCache\com.unity.ext.nunit@1.0.0\net35\unity-custom\nunit.framework.dll
Native extension for WindowsStandalone target not found
Refreshing native plugins compatible for Editor in 54.78 ms, found 0 plugins.
Preloading 0 native plugins for Editor in 0.00 ms.
Invoked RoslynAnalysisRunner static constructor.
RoslynAnalysisRunner will not be running.
RoslynAnalysisRunner has terminated.
Mono: successfully reloaded assembly
- Completed reload, in  0.912 seconds
Platform modules already initialized, skipping
========================================================================
Worker process is ready to serve import requests
Shader 'Universal Render Pipeline/Particles/Lit': fallback shader 'Universal Render Pipeline/Particles/SimpleLit' not found
Shader 'Universal Render Pipeline/Particles/Lit': fallback shader 'Universal Render Pipeline/Particles/SimpleLit' not found
Launched and connected shader compiler UnityShaderCompiler.exe after 0.05 seconds
Refreshing native plugins compatible for Editor in 0.77 ms, found 0 plugins.
Preloading 0 native plugins for Editor in 0.00 ms.
Unloading 2272 Unused Serialized files (Serialized files now loaded: 0)
System memory in use before: 99.2 MB.
System memory in use after: 97.7 MB.

Unloading 39 unused Assets to reduce memory usage. Loaded Objects now: 2674.
Total: 2.766900 ms (FindLiveObjects: 0.520600 ms CreateObjectMapping: 0.067100 ms MarkObjects: 1.384500 ms  DeleteObjects: 0.794300 ms)

========================================================================
Received Import Request.
  path: Assets/Scripts/player.cs
  artifactKey: Guid(034d98d7e7b1c814189360eda1491250) Importer(815301076,1909f56bfc062723c751e8b465ee728b)
Start importing Assets/Scripts/player.cs using Guid(034d98d7e7b1c814189360eda1491250) Importer(815301076,1909f56bfc062723c751e8b465ee728b)  -> (artifact id: '728f07e2bba6b5af3a179cd3f480d315') in 0.026806 seconds
  Import took 0.030951 seconds .

========================================================================
Received Prepare
Shader 'Universal Render Pipeline/Particles/Lit': fallback shader 'Universal Render Pipeline/Particles/SimpleLit' not found
Shader 'Universal Render Pipeline/Particles/Lit': fallback shader 'Universal Render Pipeline/Particles/SimpleLit' not found
Refreshing native plugins compatible for Editor in 2.41 ms, found 0 plugins.
Preloading 0 native plugins for Editor in 0.00 ms.
Unloading 37 Unused Serialized files (Serialized files now loaded: 0)
System memory in use before: 53.6 MB.
System memory in use after: 52.2 MB.

Unloading 37 unused Assets to reduce memory usage. Loaded Objects now: 2674.
Total: 3.603900 ms (FindLiveObjects: 0.651100 ms CreateObjectMapping: 0.136700 ms MarkObjects: 1.852100 ms  DeleteObjects: 0.963400 ms)

========================================================================
Received Prepare
Reloading mono domain
Begin MonoManager ReloadAssembly
Registering precompiled unity dll's ...
Register platform support module: C:/Program Files/Unity/Hub/Editor/2020.2.0a18/Editor/Data/PlaybackEngines/WindowsStandaloneSupport/UnityEditor.WindowsStandalone.Extensions.dll
Registered in 0.003022 seconds.
Symbol file LoadedFromMemory doesn't match image C:\Users\dkalo\Desktop\oca\Game\Library\PackageCache\com.unity.ext.nunit@1.0.0\net35\unity-custom\nunit.framework.dll
Native extension for WindowsStandalone target not found
Refreshing native plugins compatible for Editor in 52.36 ms, found 0 plugins.
Preloading 0 native plugins for Editor in 0.00 ms.
Invoked RoslynAnalysisRunner static constructor.
RoslynAnalysisRunner will not be running.
RoslynAnalysisRunner has terminated.
Mono: successfully reloaded assembly
- Completed reload, in  1.103 seconds
Registering precompiled user dll's ...
Registered in 0.203970 seconds.
Platform modules already initialized, skipping
Begin MonoManager ReloadAssembly
Symbol file LoadedFromMemory doesn't match image C:\Users\dkalo\Desktop\oca\Game\Library\PackageCache\com.unity.ext.nunit@1.0.0\net35\unity-custom\nunit.framework.dll
Native extension for WindowsStandalone target not found
Refreshing native plugins compatible for Editor in 0.95 ms, found 0 plugins.
Preloading 0 native plugins for Editor in 0.00 ms.
Invoked RoslynAnalysisRunner static constructor.
RoslynAnalysisRunner will not be running.
RoslynAnalysisRunner has terminated.
Mono: successfully reloaded assembly
- Completed reload, in  1.100 seconds
Platform modules already initialized, skipping
Shader 'Universal Render Pipeline/Particles/Lit': fallback shader 'Universal Render Pipeline/Particles/SimpleLit' not found
Shader 'Universal Render Pipeline/Particles/Lit': fallback shader 'Universal Render Pipeline/Particles/SimpleLit' not found
Refreshing native plugins compatible for Editor in 0.63 ms, found 0 plugins.
Preloading 0 native plugins for Editor in 0.00 ms.
Unloading 40 Unused Serialized files (Serialized files now loaded: 0)
System memory in use before: 54.8 MB.
System memory in use after: 53.4 MB.

Unloading 39 unused Assets to reduce memory usage. Loaded Objects now: 2678.
Total: 3.021900 ms (FindLiveObjects: 0.434400 ms CreateObjectMapping: 0.060600 ms MarkObjects: 1.354600 ms  DeleteObjects: 1.171700 ms)

========================================================================
Received Import Request.
  Time since last request: 157.978799 seconds.
  path: Assets/Scripts/reload.cs
  artifactKey: Guid(8a5b9c91cfb3f0040981c9af123b7ddc) Importer(815301076,1909f56bfc062723c751e8b465ee728b)
Start importing Assets/Scripts/reload.cs using Guid(8a5b9c91cfb3f0040981c9af123b7ddc) Importer(815301076,1909f56bfc062723c751e8b465ee728b)  -> (artifact id: 'b462b0ca861ced9857f9338510e0bbdf') in 0.008440 seconds
  Import took 0.013177 seconds .

========================================================================
Received Prepare
Reloading mono domain
Begin MonoManager ReloadAssembly
Registering precompiled unity dll's ...
Register platform support module: C:/Program Files/Unity/Hub/Editor/2020.2.0a18/Editor/Data/PlaybackEngines/WindowsStandaloneSupport/UnityEditor.WindowsStandalone.Extensions.dll
Registered in 0.002804 seconds.
Symbol file LoadedFromMemory doesn't match image C:\Users\dkalo\Desktop\oca\Game\Library\PackageCache\com.unity.ext.nunit@1.0.0\net35\unity-custom\nunit.framework.dll
Native extension for WindowsStandalone target not found
Refreshing native plugins compatible for Editor in 49.14 ms, found 0 plugins.
Preloading 0 native plugins for Editor in 0.00 ms.
Invoked RoslynAnalysisRunner static constructor.
RoslynAnalysisRunner will not be running.
RoslynAnalysisRunner has terminated.
Mono: successfully reloaded assembly
- Completed reload, in  1.063 seconds
Registering precompiled user dll's ...
Registered in 0.158591 seconds.
Platform modules already initialized, skipping
Begin MonoManager ReloadAssembly
Symbol file LoadedFromMemory doesn't match image C:\Users\dkalo\Desktop\oca\Game\Library\PackageCache\com.unity.ext.nunit@1.0.0\net35\unity-custom\nunit.framework.dll
Native extension for WindowsStandalone target not found
Refreshing native plugins compatible for Editor in 0.61 ms, found 0 plugins.
Preloading 0 native plugins for Editor in 0.00 ms.
Invoked RoslynAnalysisRunner static constructor.
RoslynAnalysisRunner will not be running.
RoslynAnalysisRunner has terminated.
Mono: successfully reloaded assembly
- Completed reload, in  1.030 seconds
Platform modules already initialized, skipping
Shader 'Universal Render Pipeline/Particles/Lit': fallback shader 'Universal Render Pipeline/Particles/SimpleLit' not found
Shader 'Universal Render Pipeline/Particles/Lit': fallback shader 'Universal Render Pipeline/Particles/SimpleLit' not found
Refreshing native plugins compatible for Editor in 0.40 ms, found 0 plugins.
Preloading 0 native plugins for Editor in 0.00 ms.
Unloading 41 Unused Serialized files (Serialized files now loaded: 0)
System memory in use before: 55.0 MB.
System memory in use after: 53.7 MB.

Unloading 39 unused Assets to reduce memory usage. Loaded Objects now: 2683.
Total: 2.680200 ms (FindLiveObjects: 0.398900 ms CreateObjectMapping: 0.060500 ms MarkObjects: 1.368500 ms  DeleteObjects: 0.851600 ms)

========================================================================
Received Prepare
Reloading mono domain
Begin MonoManager ReloadAssembly
Registering precompiled unity dll's ...
Register platform support module: C:/Program Files/Unity/Hub/Editor/2020.2.0a18/Editor/Data/PlaybackEngines/WindowsStandaloneSupport/UnityEditor.WindowsStandalone.Extensions.dll
Registered in 0.002958 seconds.
Symbol file LoadedFromMemory doesn't match image C:\Users\dkalo\Desktop\oca\Game\Library\PackageCache\com.unity.ext.nunit@1.0.0\net35\unity-custom\nunit.framework.dll
Native extension for WindowsStandalone target not found
Refreshing native plugins compatible for Editor in 52.29 ms, found 0 plugins.
Preloading 0 native plugins for Editor in 0.00 ms.
Invoked RoslynAnalysisRunner static constructor.
RoslynAnalysisRunner will not be running.
RoslynAnalysisRunner has terminated.
Mono: successfully reloaded assembly
- Completed reload, in  1.142 seconds
Registering precompiled user dll's ...
Registered in 0.158913 seconds.
Platform modules already initialized, skipping
Begin MonoManager ReloadAssembly
Symbol file LoadedFromMemory doesn't match image C:\Users\dkalo\Desktop\oca\Game\Library\PackageCache\com.unity.ext.nunit@1.0.0\net35\unity-custom\nunit.framework.dll
Native extension for WindowsStandalone target not found
Refreshing native plugins compatible for Editor in 0.41 ms, found 0 plugins.
Preloading 0 native plugins for Editor in 0.00 ms.
Invoked RoslynAnalysisRunner static constructor.
RoslynAnalysisRunner will not be running.
RoslynAnalysisRunner has terminated.
Mono: successfully reloaded assembly
- Completed reload, in  1.121 seconds
Platform modules already initialized, skipping
Shader 'Universal Render Pipeline/Particles/Lit': fallback shader 'Universal Render Pipeline/Particles/SimpleLit' not found
Shader 'Universal Render Pipeline/Particles/Lit': fallback shader 'Universal Render Pipeline/Particles/SimpleLit' not found
Refreshing native plugins compatible for Editor in 0.40 ms, found 0 plugins.
Preloading 0 native plugins for Editor in 0.00 ms.
Unloading 40 Unused Serialized files (Serialized files now loaded: 0)
System memory in use before: 55.0 MB.
System memory in use after: 53.6 MB.

Unloading 39 unused Assets to reduce memory usage. Loaded Objects now: 2687.
Total: 2.887700 ms (FindLiveObjects: 0.539800 ms CreateObjectMapping: 0.087500 ms MarkObjects: 1.358600 ms  DeleteObjects: 0.901100 ms)

========================================================================
Received Import Request.
  Time since last request: 57.632244 seconds.
  path: Assets/Scripts/reload.cs
  artifactKey: Guid(8a5b9c91cfb3f0040981c9af123b7ddc) Importer(815301076,1909f56bfc062723c751e8b465ee728b)
Start importing Assets/Scripts/reload.cs using Guid(8a5b9c91cfb3f0040981c9af123b7ddc) Importer(815301076,1909f56bfc062723c751e8b465ee728b)  -> (artifact id: '5f35fb406aafc4595babf21d391107f6') in 0.006146 seconds
  Import took 0.010574 seconds .

========================================================================
Received Import Request.
  Time since last request: 0.000225 seconds.
  path: Assets/Scripts/player.cs
  artifactKey: Guid(034d98d7e7b1c814189360eda1491250) Importer(815301076,1909f56bfc062723c751e8b465ee728b)
Start importing Assets/Scripts/player.cs using Guid(034d98d7e7b1c814189360eda1491250) Importer(815301076,1909f56bfc062723c751e8b465ee728b)  -> (artifact id: 'aabbfacf2cfc44a7f966fa5a53cf27fd') in 0.004965 seconds
  Import took 0.008623 seconds .

========================================================================
Received Import Request.
  Time since last request: 2.737483 seconds.
  path: Assets/Scripts/reload.cs
  artifactKey: Guid(8a5b9c91cfb3f0040981c9af123b7ddc) Importer(815301076,1909f56bfc062723c751e8b465ee728b)
Start importing Assets/Scripts/reload.cs using Guid(8a5b9c91cfb3f0040981c9af123b7ddc) Importer(815301076,1909f56bfc062723c751e8b465ee728b)  -> (artifact id: '5f35fb406aafc4595babf21d391107f6') in 0.004662 seconds
  Import took 0.008458 seconds .

========================================================================
Received Prepare
Reloading mono domain
Begin MonoManager ReloadAssembly
Registering precompiled unity dll's ...
Register platform support module: C:/Program Files/Unity/Hub/Editor/2020.2.0a18/Editor/Data/PlaybackEngines/WindowsStandaloneSupport/UnityEditor.WindowsStandalone.Extensions.dll
Registered in 0.002837 seconds.
Symbol file LoadedFromMemory doesn't match image C:\Users\dkalo\Desktop\oca\Game\Library\PackageCache\com.unity.ext.nunit@1.0.0\net35\unity-custom\nunit.framework.dll
Native extension for WindowsStandalone target not found
Refreshing native plugins compatible for Editor in 47.31 ms, found 0 plugins.
Preloading 0 native plugins for Editor in 0.00 ms.
Invoked RoslynAnalysisRunner static constructor.
RoslynAnalysisRunner will not be running.
RoslynAnalysisRunner has terminated.
Mono: successfully reloaded assembly
- Completed reload, in  1.199 seconds
Registering precompiled user dll's ...
Registered in 0.172809 seconds.
Platform modules already initialized, skipping
Begin MonoManager ReloadAssembly
Symbol file LoadedFromMemory doesn't match image C:\Users\dkalo\Desktop\oca\Game\Library\PackageCache\com.unity.ext.nunit@1.0.0\net35\unity-custom\nunit.framework.dll
Native extension for WindowsStandalone target not found
Refreshing native plugins compatible for Editor in 0.43 ms, found 0 plugins.
Preloading 0 native plugins for Editor in 0.00 ms.
Invoked RoslynAnalysisRunner static constructor.
RoslynAnalysisRunner will not be running.
RoslynAnalysisRunner has terminated.
Mono: successfully reloaded assembly
- Completed reload, in  1.187 seconds
Platform modules already initialized, skipping
Shader 'Universal Render Pipeline/Particles/Lit': fallback shader 'Universal Render Pipeline/Particles/SimpleLit' not found
Shader 'Universal Render Pipeline/Particles/Lit': fallback shader 'Universal Render Pipeline/Particles/SimpleLit' not found
Refreshing native plugins compatible for Editor in 0.39 ms, found 0 plugins.
Preloading 0 native plugins for Editor in 0.00 ms.
Unloading 40 Unused Serialized files (Serialized files now loaded: 0)
System memory in use before: 55.0 MB.
System memory in use after: 53.6 MB.

Unloading 39 unused Assets to reduce memory usage. Loaded Objects now: 2691.
Total: 6.067000 ms (FindLiveObjects: 0.779100 ms CreateObjectMapping: 0.233300 ms MarkObjects: 3.237500 ms  DeleteObjects: 1.816200 ms)

========================================================================
Received Prepare
Reloading mono domain
Begin MonoManager ReloadAssembly
Registering precompiled unity dll's ...
Register platform support module: C:/Program Files/Unity/Hub/Editor/2020.2.0a18/Editor/Data/PlaybackEngines/WindowsStandaloneSupport/UnityEditor.WindowsStandalone.Extensions.dll
Registered in 0.003081 seconds.
Symbol file LoadedFromMemory doesn't match image C:\Users\dkalo\Desktop\oca\Game\Library\PackageCache\com.unity.ext.nunit@1.0.0\net35\unity-custom\nunit.framework.dll
Native extension for WindowsStandalone target not found
Refreshing native plugins compatible for Editor in 47.42 ms, found 0 plugins.
Preloading 0 native plugins for Editor in 0.00 ms.
Invoked RoslynAnalysisRunner static constructor.
RoslynAnalysisRunner will not be running.
RoslynAnalysisRunner has terminated.
Mono: successfully reloaded assembly
- Completed reload, in  1.255 seconds
Registering precompiled user dll's ...
Registered in 0.159176 seconds.
Platform modules already initialized, skipping
Begin MonoManager ReloadAssembly
Symbol file LoadedFromMemory doesn't match image C:\Users\dkalo\Desktop\oca\Game\Library\PackageCache\com.unity.ext.nunit@1.0.0\net35\unity-custom\nunit.framework.dll
Native extension for WindowsStandalone target not found
Refreshing native plugins compatible for Editor in 0.39 ms, found 0 plugins.
Preloading 0 native plugins for Editor in 0.00 ms.
Invoked RoslynAnalysisRunner static constructor.
RoslynAnalysisRunner will not be running.
RoslynAnalysisRunner has terminated.
Mono: successfully reloaded assembly
- Completed reload, in  1.212 seconds
Platform modules already initialized, skipping
Shader 'Universal Render Pipeline/Particles/Lit': fallback shader 'Universal Render Pipeline/Particles/SimpleLit' not found
Shader 'Universal Render Pipeline/Particles/Lit': fallback shader 'Universal Render Pipeline/Particles/SimpleLit' not found
Refreshing native plugins compatible for Editor in 0.56 ms, found 0 plugins.
Preloading 0 native plugins for Editor in 0.00 ms.
Unloading 40 Unused Serialized files (Serialized files now loaded: 0)
System memory in use before: 55.0 MB.
System memory in use after: 53.7 MB.

Unloading 39 unused Assets to reduce memory usage. Loaded Objects now: 2695.
Total: 3.194300 ms (FindLiveObjects: 0.399200 ms CreateObjectMapping: 0.062100 ms MarkObjects: 1.669100 ms  DeleteObjects: 1.063300 ms)

========================================================================
Received Import Request.
  Time since last request: 185.561671 seconds.
  path: Assets/Scripts/reload.cs
  artifactKey: Guid(8a5b9c91cfb3f0040981c9af123b7ddc) Importer(815301076,1909f56bfc062723c751e8b465ee728b)
Start importing Assets/Scripts/reload.cs using Guid(8a5b9c91cfb3f0040981c9af123b7ddc) Importer(815301076,1909f56bfc062723c751e8b465ee728b)  -> (artifact id: '42f7506fa36e1a980279a3f92d8a4c5c') in 0.007083 seconds
  Import took 0.011375 seconds .

========================================================================
Received Import Request.
  Time since last request: 4.789482 seconds.
  path: Assets/Scripts/reload.cs
  artifactKey: Guid(8a5b9c91cfb3f0040981c9af123b7ddc) Importer(815301076,1909f56bfc062723c751e8b465ee728b)
Start importing Assets/Scripts/reload.cs using Guid(8a5b9c91cfb3f0040981c9af123b7ddc) Importer(815301076,1909f56bfc062723c751e8b465ee728b)  -> (artifact id: '42f7506fa36e1a980279a3f92d8a4c5c') in 0.005009 seconds
  Import took 0.008774 seconds .

========================================================================
Received Prepare
Reloading mono domain
Begin MonoManager ReloadAssembly
Registering precompiled unity dll's ...
Register platform support module: C:/Program Files/Unity/Hub/Editor/2020.2.0a18/Editor/Data/PlaybackEngines/WindowsStandaloneSupport/UnityEditor.WindowsStandalone.Extensions.dll
Registered in 0.003093 seconds.
Symbol file LoadedFromMemory doesn't match image C:\Users\dkalo\Desktop\oca\Game\Library\PackageCache\com.unity.ext.nunit@1.0.0\net35\unity-custom\nunit.framework.dll
Native extension for WindowsStandalone target not found
Refreshing native plugins compatible for Editor in 50.61 ms, found 0 plugins.
Preloading 0 native plugins for Editor in 0.00 ms.
Invoked RoslynAnalysisRunner static constructor.
RoslynAnalysisRunner will not be running.
RoslynAnalysisRunner has terminated.
Mono: successfully reloaded assembly
- Completed reload, in  1.424 seconds
Registering precompiled user dll's ...
Registered in 0.159520 seconds.
Platform modules already initialized, skipping
Begin MonoManager ReloadAssembly
Symbol file LoadedFromMemory doesn't match image C:\Users\dkalo\Desktop\oca\Game\Library\PackageCache\com.unity.ext.nunit@1.0.0\net35\unity-custom\nunit.framework.dll
Native extension for WindowsStandalone target not found
Refreshing native plugins compatible for Editor in 0.42 ms, found 0 plugins.
Preloading 0 native plugins for Editor in 0.00 ms.
Invoked RoslynAnalysisRunner static constructor.
RoslynAnalysisRunner will not be running.
RoslynAnalysisRunner has terminated.
Mono: successfully reloaded assembly
- Completed reload, in  1.355 seconds
Platform modules already initialized, skipping
Shader 'Universal Render Pipeline/Particles/Lit': fallback shader 'Universal Render Pipeline/Particles/SimpleLit' not found
Shader 'Universal Render Pipeline/Particles/Lit': fallback shader 'Universal Render Pipeline/Particles/SimpleLit' not found
Refreshing native plugins compatible for Editor in 0.42 ms, found 0 plugins.
Preloading 0 native plugins for Editor in 0.00 ms.
Unloading 40 Unused Serialized files (Serialized files now loaded: 0)
System memory in use before: 54.8 MB.
System memory in use after: 53.5 MB.

Unloading 39 unused Assets to reduce memory usage. Loaded Objects now: 2699.
Total: 3.364800 ms (FindLiveObjects: 0.554600 ms CreateObjectMapping: 0.111300 ms MarkObjects: 1.681200 ms  DeleteObjects: 1.016400 ms)

========================================================================
Received Import Request.
  Time since last request: 42.042394 seconds.
  path: Assets/Scripts/reload.cs
  artifactKey: Guid(8a5b9c91cfb3f0040981c9af123b7ddc) Importer(815301076,1909f56bfc062723c751e8b465ee728b)
Start importing Assets/Scripts/reload.cs using Guid(8a5b9c91cfb3f0040981c9af123b7ddc) Importer(815301076,1909f56bfc062723c751e8b465ee728b)  -> (artifact id: '719251635f49a7bac35bbcea12801c79') in 0.005996 seconds
  Import took 0.009958 seconds .

========================================================================
Received Import Request.
  Time since last request: 0.111154 seconds.
  path: Assets/Scripts/reload.cs
  artifactKey: Guid(8a5b9c91cfb3f0040981c9af123b7ddc) Importer(815301076,1909f56bfc062723c751e8b465ee728b)
Start importing Assets/Scripts/reload.cs using Guid(8a5b9c91cfb3f0040981c9af123b7ddc) Importer(815301076,1909f56bfc062723c751e8b465ee728b)  -> (artifact id: '719251635f49a7bac35bbcea12801c79') in 0.005817 seconds
  Import took 0.009664 seconds .

========================================================================
Received Prepare
Reloading mono domain
Begin MonoManager ReloadAssembly
Registering precompiled unity dll's ...
Register platform support module: C:/Program Files/Unity/Hub/Editor/2020.2.0a18/Editor/Data/PlaybackEngines/WindowsStandaloneSupport/UnityEditor.WindowsStandalone.Extensions.dll
Registered in 0.002895 seconds.
Symbol file LoadedFromMemory doesn't match image C:\Users\dkalo\Desktop\oca\Game\Library\PackageCache\com.unity.ext.nunit@1.0.0\net35\unity-custom\nunit.framework.dll
Native extension for WindowsStandalone target not found
Refreshing native plugins compatible for Editor in 46.60 ms, found 0 plugins.
Preloading 0 native plugins for Editor in 0.00 ms.
Invoked RoslynAnalysisRunner static constructor.
RoslynAnalysisRunner will not be running.
RoslynAnalysisRunner has terminated.
Mono: successfully reloaded assembly
- Completed reload, in  1.378 seconds
Registering precompiled user dll's ...
Registered in 0.165314 seconds.
Platform modules already initialized, skipping
Begin MonoManager ReloadAssembly
Symbol file LoadedFromMemory doesn't match image C:\Users\dkalo\Desktop\oca\Game\Library\PackageCache\com.unity.ext.nunit@1.0.0\net35\unity-custom\nunit.framework.dll
Native extension for WindowsStandalone target not found
Refreshing native plugins compatible for Editor in 0.40 ms, found 0 plugins.
Preloading 0 native plugins for Editor in 0.00 ms.
Invoked RoslynAnalysisRunner static constructor.
RoslynAnalysisRunner will not be running.
RoslynAnalysisRunner has terminated.
Mono: successfully reloaded assembly
- Completed reload, in  1.357 seconds
Platform modules already initialized, skipping
Shader 'Universal Render Pipeline/Particles/Lit': fallback shader 'Universal Render Pipeline/Particles/SimpleLit' not found
Shader 'Universal Render Pipeline/Particles/Lit': fallback shader 'Universal Render Pipeline/Particles/SimpleLit' not found
Refreshing native plugins compatible for Editor in 0.41 ms, found 0 plugins.
Preloading 0 native plugins for Editor in 0.00 ms.
Unloading 40 Unused Serialized files (Serialized files now loaded: 0)
System memory in use before: 55.1 MB.
System memory in use after: 53.7 MB.

Unloading 39 unused Assets to reduce memory usage. Loaded Objects now: 2703.
Total: 2.722900 ms (FindLiveObjects: 0.484500 ms CreateObjectMapping: 0.064900 ms MarkObjects: 1.306100 ms  DeleteObjects: 0.866400 ms)

========================================================================
Received Prepare
Reloading mono domain
Begin MonoManager ReloadAssembly
Registering precompiled unity dll's ...
Register platform support module: C:/Program Files/Unity/Hub/Editor/2020.2.0a18/Editor/Data/PlaybackEngines/WindowsStandaloneSupport/UnityEditor.WindowsStandalone.Extensions.dll
Registered in 0.002923 seconds.
Symbol file LoadedFromMemory doesn't match image C:\Users\dkalo\Desktop\oca\Game\Library\PackageCache\com.unity.ext.nunit@1.0.0\net35\unity-custom\nunit.framework.dll
Native extension for WindowsStandalone target not found
Refreshing native plugins compatible for Editor in 47.21 ms, found 0 plugins.
Preloading 0 native plugins for Editor in 0.00 ms.
Invoked RoslynAnalysisRunner static constructor.
RoslynAnalysisRunner will not be running.
RoslynAnalysisRunner has terminated.
Mono: successfully reloaded assembly
- Completed reload, in  1.517 seconds
Registering precompiled user dll's ...
Registered in 0.157110 seconds.
Platform modules already initialized, skipping
Begin MonoManager ReloadAssembly
Symbol file LoadedFromMemory doesn't match image C:\Users\dkalo\Desktop\oca\Game\Library\PackageCache\com.unity.ext.nunit@1.0.0\net35\unity-custom\nunit.framework.dll
Native extension for WindowsStandalone target not found
Refreshing native plugins compatible for Editor in 0.40 ms, found 0 plugins.
Preloading 0 native plugins for Editor in 0.00 ms.
Invoked RoslynAnalysisRunner static constructor.
RoslynAnalysisRunner will not be running.
RoslynAnalysisRunner has terminated.
Mono: successfully reloaded assembly
- Completed reload, in  1.460 seconds
Platform modules already initialized, skipping
Shader 'Universal Render Pipeline/Particles/Lit': fallback shader 'Universal Render Pipeline/Particles/SimpleLit' not found
Shader 'Universal Render Pipeline/Particles/Lit': fallback shader 'Universal Render Pipeline/Particles/SimpleLit' not found
Refreshing native plugins compatible for Editor in 0.41 ms, found 0 plugins.
Preloading 0 native plugins for Editor in 0.00 ms.
Unloading 40 Unused Serialized files (Serialized files now loaded: 0)
System memory in use before: 55.0 MB.
System memory in use after: 53.7 MB.

Unloading 39 unused Assets to reduce memory usage. Loaded Objects now: 2707.
Total: 2.967600 ms (FindLiveObjects: 0.444600 ms CreateObjectMapping: 0.064000 ms MarkObjects: 1.542300 ms  DeleteObjects: 0.915800 ms)

========================================================================
Received Prepare
Reloading mono domain
Begin MonoManager ReloadAssembly
Registering precompiled unity dll's ...
Register platform support module: C:/Program Files/Unity/Hub/Editor/2020.2.0a18/Editor/Data/PlaybackEngines/WindowsStandaloneSupport/UnityEditor.WindowsStandalone.Extensions.dll
Registered in 0.002797 seconds.
Symbol file LoadedFromMemory doesn't match image C:\Users\dkalo\Desktop\oca\Game\Library\PackageCache\com.unity.ext.nunit@1.0.0\net35\unity-custom\nunit.framework.dll
Native extension for WindowsStandalone target not found
Refreshing native plugins compatible for Editor in 49.66 ms, found 0 plugins.
Preloading 0 native plugins for Editor in 0.00 ms.
Invoked RoslynAnalysisRunner static constructor.
RoslynAnalysisRunner will not be running.
RoslynAnalysisRunner has terminated.
Mono: successfully reloaded assembly
- Completed reload, in  1.568 seconds
Registering precompiled user dll's ...
Registered in 0.152894 seconds.
Platform modules already initialized, skipping
Begin MonoManager ReloadAssembly
Symbol file LoadedFromMemory doesn't match image C:\Users\dkalo\Desktop\oca\Game\Library\PackageCache\com.unity.ext.nunit@1.0.0\net35\unity-custom\nunit.framework.dll
Native extension for WindowsStandalone target not found
Refreshing native plugins compatible for Editor in 0.42 ms, found 0 plugins.
Preloading 0 native plugins for Editor in 0.00 ms.
Invoked RoslynAnalysisRunner static constructor.
RoslynAnalysisRunner will not be running.
RoslynAnalysisRunner has terminated.
Mono: successfully reloaded assembly
- Completed reload, in  1.509 seconds
Platform modules already initialized, skipping
Shader 'Universal Render Pipeline/Particles/Lit': fallback shader 'Universal Render Pipeline/Particles/SimpleLit' not found
Shader 'Universal Render Pipeline/Particles/Lit': fallback shader 'Universal Render Pipeline/Particles/SimpleLit' not found
Refreshing native plugins compatible for Editor in 0.40 ms, found 0 plugins.
Preloading 0 native plugins for Editor in 0.00 ms.
Unloading 40 Unused Serialized files (Serialized files now loaded: 0)
System memory in use before: 55.1 MB.
System memory in use after: 53.8 MB.

Unloading 39 unused Assets to reduce memory usage. Loaded Objects now: 2711.
Total: 2.732100 ms (FindLiveObjects: 0.461200 ms CreateObjectMapping: 0.064500 ms MarkObjects: 1.349800 ms  DeleteObjects: 0.855900 ms)

========================================================================
Received Import Request.
  Time since last request: 609.288842 seconds.
  path: Assets/Scripts/reload.cs
  artifactKey: Guid(8a5b9c91cfb3f0040981c9af123b7ddc) Importer(815301076,1909f56bfc062723c751e8b465ee728b)
Start importing Assets/Scripts/reload.cs using Guid(8a5b9c91cfb3f0040981c9af123b7ddc) Importer(815301076,1909f56bfc062723c751e8b465ee728b)  -> (artifact id: '99c0beb6c887758c79733c11e8dca8a1') in 0.006291 seconds
  Import took 0.010373 seconds .

========================================================================
Received Import Request.
  Time since last request: 18.027034 seconds.
  path: Assets/Scripts/enemy_target_player.cs
  artifactKey: Guid(fa2245c1292356644a26f55d19e88d8c) Importer(815301076,1909f56bfc062723c751e8b465ee728b)
Start importing Assets/Scripts/enemy_target_player.cs using Guid(fa2245c1292356644a26f55d19e88d8c) Importer(815301076,1909f56bfc062723c751e8b465ee728b)  -> (artifact id: '4ed0fee6150f453fa9bb42febb62a6da') in 0.006186 seconds
  Import took 0.010870 seconds .

========================================================================
Received Import Request.
  Time since last request: 0.029080 seconds.
  path: Assets/main.unity
  artifactKey: Guid(f6efc359a75aa9f47ad9b04bb93214c4) Importer(815301076,1909f56bfc062723c751e8b465ee728b)
Start importing Assets/main.unity using Guid(f6efc359a75aa9f47ad9b04bb93214c4) Importer(815301076,1909f56bfc062723c751e8b465ee728b)  -> (artifact id: '5050c9613460851e5fb0a800d0983d15') in 0.016349 seconds
  Import took 0.020854 seconds .

========================================================================
Received Import Request.
  Time since last request: 0.000808 seconds.
  path: Assets/main.unity
  artifactKey: Guid(f6efc359a75aa9f47ad9b04bb93214c4) Importer(815301076,1909f56bfc062723c751e8b465ee728b)
Start importing Assets/main.unity using Guid(f6efc359a75aa9f47ad9b04bb93214c4) Importer(815301076,1909f56bfc062723c751e8b465ee728b)  -> (artifact id: '5050c9613460851e5fb0a800d0983d15') in 0.005061 seconds
  Import took 0.009028 seconds .

========================================================================
Received Prepare
Reloading mono domain
Begin MonoManager ReloadAssembly
Registering precompiled unity dll's ...
Register platform support module: C:/Program Files/Unity/Hub/Editor/2020.2.0a18/Editor/Data/PlaybackEngines/WindowsStandaloneSupport/UnityEditor.WindowsStandalone.Extensions.dll
Registered in 0.003189 seconds.
Symbol file LoadedFromMemory doesn't match image C:\Users\dkalo\Desktop\oca\Game\Library\PackageCache\com.unity.ext.nunit@1.0.0\net35\unity-custom\nunit.framework.dll
Native extension for WindowsStandalone target not found
Refreshing native plugins compatible for Editor in 50.29 ms, found 0 plugins.
Preloading 0 native plugins for Editor in 0.00 ms.
Invoked RoslynAnalysisRunner static constructor.
RoslynAnalysisRunner will not be running.
RoslynAnalysisRunner has terminated.
Mono: successfully reloaded assembly
- Completed reload, in  1.664 seconds
Registering precompiled user dll's ...
Registered in 0.157182 seconds.
Platform modules already initialized, skipping
Begin MonoManager ReloadAssembly
Symbol file LoadedFromMemory doesn't match image C:\Users\dkalo\Desktop\oca\Game\Library\PackageCache\com.unity.ext.nunit@1.0.0\net35\unity-custom\nunit.framework.dll
Native extension for WindowsStandalone target not found
Refreshing native plugins compatible for Editor in 0.40 ms, found 0 plugins.
Preloading 0 native plugins for Editor in 0.00 ms.
Invoked RoslynAnalysisRunner static constructor.
RoslynAnalysisRunner will not be running.
RoslynAnalysisRunner has terminated.
Mono: successfully reloaded assembly
- Completed reload, in  1.648 seconds
Platform modules already initialized, skipping
Shader 'Universal Render Pipeline/Particles/Lit': fallback shader 'Universal Render Pipeline/Particles/SimpleLit' not found
Shader 'Universal Render Pipeline/Particles/Lit': fallback shader 'Universal Render Pipeline/Particles/SimpleLit' not found
Refreshing native plugins compatible for Editor in 0.70 ms, found 0 plugins.
Preloading 0 native plugins for Editor in 0.00 ms.
Unloading 40 Unused Serialized files (Serialized files now loaded: 0)
System memory in use before: 55.1 MB.
System memory in use after: 53.8 MB.

Unloading 39 unused Assets to reduce memory usage. Loaded Objects now: 2715.
Total: 3.156300 ms (FindLiveObjects: 0.509000 ms CreateObjectMapping: 0.118100 ms MarkObjects: 1.542300 ms  DeleteObjects: 0.986500 ms)

========================================================================
Received Prepare
Reloading mono domain
Begin MonoManager ReloadAssembly
Registering precompiled unity dll's ...
Register platform support module: C:/Program Files/Unity/Hub/Editor/2020.2.0a18/Editor/Data/PlaybackEngines/WindowsStandaloneSupport/UnityEditor.WindowsStandalone.Extensions.dll
Registered in 0.003707 seconds.
Symbol file LoadedFromMemory doesn't match image C:\Users\dkalo\Desktop\oca\Game\Library\PackageCache\com.unity.ext.nunit@1.0.0\net35\unity-custom\nunit.framework.dll
Native extension for WindowsStandalone target not found
Refreshing native plugins compatible for Editor in 54.88 ms, found 0 plugins.
Preloading 0 native plugins for Editor in 0.00 ms.
Invoked RoslynAnalysisRunner static constructor.
RoslynAnalysisRunner will not be running.
RoslynAnalysisRunner has terminated.
Mono: successfully reloaded assembly
- Completed reload, in  1.884 seconds
Registering precompiled user dll's ...
Registered in 0.156446 seconds.
Platform modules already initialized, skipping
Begin MonoManager ReloadAssembly
Symbol file LoadedFromMemory doesn't match image C:\Users\dkalo\Desktop\oca\Game\Library\PackageCache\com.unity.ext.nunit@1.0.0\net35\unity-custom\nunit.framework.dll
Native extension for WindowsStandalone target not found
Refreshing native plugins compatible for Editor in 0.45 ms, found 0 plugins.
Preloading 0 native plugins for Editor in 0.00 ms.
Invoked RoslynAnalysisRunner static constructor.
RoslynAnalysisRunner will not be running.
RoslynAnalysisRunner has terminated.
Mono: successfully reloaded assembly
- Completed reload, in  1.836 seconds
Platform modules already initialized, skipping
Shader 'Universal Render Pipeline/Particles/Lit': fallback shader 'Universal Render Pipeline/Particles/SimpleLit' not found
Shader 'Universal Render Pipeline/Particles/Lit': fallback shader 'Universal Render Pipeline/Particles/SimpleLit' not found
Refreshing native plugins compatible for Editor in 0.61 ms, found 0 plugins.
Preloading 0 native plugins for Editor in 0.00 ms.
Unloading 40 Unused Serialized files (Serialized files now loaded: 0)
System memory in use before: 54.8 MB.
System memory in use after: 53.5 MB.

Unloading 39 unused Assets to reduce memory usage. Loaded Objects now: 2719.
Total: 3.217900 ms (FindLiveObjects: 0.519000 ms CreateObjectMapping: 0.078100 ms MarkObjects: 1.686800 ms  DeleteObjects: 0.933400 ms)

========================================================================
Received Prepare
Reloading mono domain
Begin MonoManager ReloadAssembly
Registering precompiled unity dll's ...
Register platform support module: C:/Program Files/Unity/Hub/Editor/2020.2.0a18/Editor/Data/PlaybackEngines/WindowsStandaloneSupport/UnityEditor.WindowsStandalone.Extensions.dll
Registered in 0.003349 seconds.
Symbol file LoadedFromMemory doesn't match image C:\Users\dkalo\Desktop\oca\Game\Library\PackageCache\com.unity.ext.nunit@1.0.0\net35\unity-custom\nunit.framework.dll
Native extension for WindowsStandalone target not found
Refreshing native plugins compatible for Editor in 47.80 ms, found 0 plugins.
Preloading 0 native plugins for Editor in 0.00 ms.
Invoked RoslynAnalysisRunner static constructor.
RoslynAnalysisRunner will not be running.
RoslynAnalysisRunner has terminated.
Mono: successfully reloaded assembly
- Completed reload, in  1.863 seconds
Registering precompiled user dll's ...
Registered in 0.154302 seconds.
Platform modules already initialized, skipping
Begin MonoManager ReloadAssembly
Symbol file LoadedFromMemory doesn't match image C:\Users\dkalo\Desktop\oca\Game\Library\PackageCache\com.unity.ext.nunit@1.0.0\net35\unity-custom\nunit.framework.dll
Native extension for WindowsStandalone target not found
Refreshing native plugins compatible for Editor in 0.61 ms, found 0 plugins.
Preloading 0 native plugins for Editor in 0.00 ms.
Invoked RoslynAnalysisRunner static constructor.
RoslynAnalysisRunner will not be running.
RoslynAnalysisRunner has terminated.
Mono: successfully reloaded assembly
- Completed reload, in  1.823 seconds
Platform modules already initialized, skipping
Shader 'Universal Render Pipeline/Particles/Lit': fallback shader 'Universal Render Pipeline/Particles/SimpleLit' not found
Shader 'Universal Render Pipeline/Particles/Lit': fallback shader 'Universal Render Pipeline/Particles/SimpleLit' not found
Refreshing native plugins compatible for Editor in 0.43 ms, found 0 plugins.
Preloading 0 native plugins for Editor in 0.00 ms.
Unloading 40 Unused Serialized files (Serialized files now loaded: 0)
System memory in use before: 55.1 MB.
System memory in use after: 53.8 MB.

Unloading 39 unused Assets to reduce memory usage. Loaded Objects now: 2723.
Total: 2.698100 ms (FindLiveObjects: 0.394400 ms CreateObjectMapping: 0.067600 ms MarkObjects: 1.339100 ms  DeleteObjects: 0.895200 ms)

========================================================================
Received Import Request.
  Time since last request: 493.507388 seconds.
  path: Assets/Scripts/astar_to_tile.cs
  artifactKey: Guid(906d2f283575d38459b77281eacb32e8) Importer(815301076,1909f56bfc062723c751e8b465ee728b)
Start importing Assets/Scripts/astar_to_tile.cs using Guid(906d2f283575d38459b77281eacb32e8) Importer(815301076,1909f56bfc062723c751e8b465ee728b)  -> (artifact id: 'cbca8ef421319e4208c7c1d1f7f81364') in 0.005944 seconds
  Import took 0.010004 seconds .

========================================================================
Received Import Request.
  Time since last request: 0.000238 seconds.
  path: Assets/Scripts/p_e_interface.cs
  artifactKey: Guid(8089bf1a4a554d94eacc7fa01366384b) Importer(815301076,1909f56bfc062723c751e8b465ee728b)
Start importing Assets/Scripts/p_e_interface.cs using Guid(8089bf1a4a554d94eacc7fa01366384b) Importer(815301076,1909f56bfc062723c751e8b465ee728b)  -> (artifact id: 'fa114a5fe7f4e575419368f79c63d3ef') in 0.004908 seconds
  Import took 0.008656 seconds .

========================================================================
Received Import Request.
  Time since last request: 25.259013 seconds.
  path: Assets/art/slimes_Move.png
  artifactKey: Guid(3ec892dc95d477a41a9dcda6272acd96) Importer(815301076,1909f56bfc062723c751e8b465ee728b)
Start importing Assets/art/slimes_Move.png using Guid(3ec892dc95d477a41a9dcda6272acd96) Importer(815301076,1909f56bfc062723c751e8b465ee728b)  -> (artifact id: 'afc6574868162698876102ea3a7a3d81') in 0.084954 seconds
  Import took 0.089062 seconds .

========================================================================
Received Import Request.
  Time since last request: 11.411679 seconds.
  path: Assets/art/slimes_Move.png
  artifactKey: Guid(3ec892dc95d477a41a9dcda6272acd96) Importer(815301076,1909f56bfc062723c751e8b465ee728b)
Start importing Assets/art/slimes_Move.png using Guid(3ec892dc95d477a41a9dcda6272acd96) Importer(815301076,1909f56bfc062723c751e8b465ee728b)  -> (artifact id: '7fe868613feb9eff024d88f4f3a338b7') in 0.011809 seconds
  Import took 0.016252 seconds .

========================================================================
Received Import Request.
  Time since last request: 0.018321 seconds.
  path: Assets/art/slimes_Move.png
  artifactKey: Guid(3ec892dc95d477a41a9dcda6272acd96) Importer(815301076,1909f56bfc062723c751e8b465ee728b)
Start importing Assets/art/slimes_Move.png using Guid(3ec892dc95d477a41a9dcda6272acd96) Importer(815301076,1909f56bfc062723c751e8b465ee728b)  -> (artifact id: '7fe868613feb9eff024d88f4f3a338b7') in 0.010447 seconds
  Import took 0.014384 seconds .

========================================================================
Received Import Request.
  Time since last request: 51.704293 seconds.
  path: Assets/art/slimes_Move.png
  artifactKey: Guid(3ec892dc95d477a41a9dcda6272acd96) Importer(815301076,1909f56bfc062723c751e8b465ee728b)
Start importing Assets/art/slimes_Move.png using Guid(3ec892dc95d477a41a9dcda6272acd96) Importer(815301076,1909f56bfc062723c751e8b465ee728b)  -> (artifact id: '5fe2c4e6f7e3e7046ec6055ea0ee3c8a') in 0.095917 seconds
  Import took 0.100802 seconds .

========================================================================
Received Import Request.
  Time since last request: 13.575304 seconds.
  path: Assets/art/slimes_Move.png
  artifactKey: Guid(3ec892dc95d477a41a9dcda6272acd96) Importer(815301076,1909f56bfc062723c751e8b465ee728b)
Start importing Assets/art/slimes_Move.png using Guid(3ec892dc95d477a41a9dcda6272acd96) Importer(815301076,1909f56bfc062723c751e8b465ee728b)  -> (artifact id: 'd8e894ec3f544c73a696187aa47a7c82') in 0.059371 seconds
  Import took 0.066435 seconds .

========================================================================
Received Import Request.
  Time since last request: 71.024136 seconds.
  path: Assets/art/slimes_Move.png
  artifactKey: Guid(3ec892dc95d477a41a9dcda6272acd96) Importer(815301076,1909f56bfc062723c751e8b465ee728b)
Start importing Assets/art/slimes_Move.png using Guid(3ec892dc95d477a41a9dcda6272acd96) Importer(815301076,1909f56bfc062723c751e8b465ee728b)  -> (artifact id: '63a5e4197ceb22356011262783fff74f') in 0.076365 seconds
  Import took 0.080522 seconds .

========================================================================
Received Import Request.
  Time since last request: 36.769406 seconds.
  path: Assets/art/tiles/slimes_Move_0.asset
  artifactKey: Guid(3f8138b9c3d165644aa2259ced6c9df9) Importer(815301076,1909f56bfc062723c751e8b465ee728b)
Start importing Assets/art/tiles/slimes_Move_0.asset using Guid(3f8138b9c3d165644aa2259ced6c9df9) Importer(815301076,1909f56bfc062723c751e8b465ee728b)  -> (artifact id: 'f2aa3e07b7bc5f444646293113acdffe') in 0.024202 seconds
  Import took 0.028176 seconds .

========================================================================
Received Import Request.
  Time since last request: 0.000310 seconds.
  path: Assets/art/tiles/slimes_Move_12.asset
  artifactKey: Guid(54df838750d20c94e96aa694f6975c0a) Importer(815301076,1909f56bfc062723c751e8b465ee728b)
Start importing Assets/art/tiles/slimes_Move_12.asset using Guid(54df838750d20c94e96aa694f6975c0a) Importer(815301076,1909f56bfc062723c751e8b465ee728b)  -> (artifact id: '59052fac0f049e74ec2e4c1c0c8c6c50') in 0.010980 seconds
  Import took 0.014613 seconds .

========================================================================
Received Import Request.
  Time since last request: 0.000255 seconds.
  path: Assets/art/tiles/slimes_Move_20.asset
  artifactKey: Guid(5191c633713f7a641b27d6854ce6970b) Importer(815301076,1909f56bfc062723c751e8b465ee728b)
Start importing Assets/art/tiles/slimes_Move_20.asset using Guid(5191c633713f7a641b27d6854ce6970b) Importer(815301076,1909f56bfc062723c751e8b465ee728b)  -> (artifact id: '1d95b44d56742094ba5e59bcfef2862d') in 0.011555 seconds
  Import took 0.015635 seconds .

========================================================================
Received Import Request.
  Time since last request: 0.000217 seconds.
  path: Assets/art/tiles/slimes_Move_4.asset
  artifactKey: Guid(7b60a9b5c43677e4e90faa07c8ded02d) Importer(815301076,1909f56bfc062723c751e8b465ee728b)
Start importing Assets/art/tiles/slimes_Move_4.asset using Guid(7b60a9b5c43677e4e90faa07c8ded02d) Importer(815301076,1909f56bfc062723c751e8b465ee728b)  -> (artifact id: '9541098a99444869d11b8ea7dc564105') in 0.011871 seconds
  Import took 0.015715 seconds .

========================================================================
Received Import Request.
  Time since last request: 0.000192 seconds.
  path: Assets/art/tiles/slimes_Move_23.asset
  artifactKey: Guid(f3a5726047c22584ab0b5d3b338ea3f1) Importer(815301076,1909f56bfc062723c751e8b465ee728b)
Start importing Assets/art/tiles/slimes_Move_23.asset using Guid(f3a5726047c22584ab0b5d3b338ea3f1) Importer(815301076,1909f56bfc062723c751e8b465ee728b)  -> (artifact id: '34eb41c2474eee3ca11cc944a3f98143') in 0.010891 seconds
  Import took 0.014530 seconds .

========================================================================
Received Import Request.
  Time since last request: 0.000240 seconds.
  path: Assets/art/tiles/slimes_Move_6.asset
  artifactKey: Guid(4fa9c7c882e27114f9fde323e1838056) Importer(815301076,1909f56bfc062723c751e8b465ee728b)
Start importing Assets/art/tiles/slimes_Move_6.asset using Guid(4fa9c7c882e27114f9fde323e1838056) Importer(815301076,1909f56bfc062723c751e8b465ee728b)  -> (artifact id: 'bae34e4f1ddc52903c16c71fd03a0504') in 0.010918 seconds
  Import took 0.014578 seconds .

========================================================================
Received Import Request.
  Time since last request: 0.000241 seconds.
  path: Assets/art/tiles/slimes_Move_8.asset
  artifactKey: Guid(a3c4a0303a729c540ab589a9a61d4a13) Importer(815301076,1909f56bfc062723c751e8b465ee728b)
Start importing Assets/art/tiles/slimes_Move_8.asset using Guid(a3c4a0303a729c540ab589a9a61d4a13) Importer(815301076,1909f56bfc062723c751e8b465ee728b)  -> (artifact id: '923d3cf150ff785c1b34594fde0da663') in 0.012076 seconds
  Import took 0.016175 seconds .

========================================================================
Received Import Request.
  Time since last request: 0.000235 seconds.
  path: Assets/art/tiles/slimes_Move_5.asset
  artifactKey: Guid(715d298cef5d06a48ac24e850138c6e7) Importer(815301076,1909f56bfc062723c751e8b465ee728b)
Start importing Assets/art/tiles/slimes_Move_5.asset using Guid(715d298cef5d06a48ac24e850138c6e7) Importer(815301076,1909f56bfc062723c751e8b465ee728b)  -> (artifact id: 'be0d766d252b131f73e5ab601ee3be57') in 0.013454 seconds
  Import took 0.017366 seconds .

========================================================================
Received Import Request.
  Time since last request: 0.000180 seconds.
  path: Assets/art/tiles/slimes_Move_9.asset
  artifactKey: Guid(509ab1d57f7f24345bbd6879ba63a5b2) Importer(815301076,1909f56bfc062723c751e8b465ee728b)
Start importing Assets/art/tiles/slimes_Move_9.asset using Guid(509ab1d57f7f24345bbd6879ba63a5b2) Importer(815301076,1909f56bfc062723c751e8b465ee728b)  -> (artifact id: '0a75f4e78ee90b96c746cf63190bbaef') in 0.012386 seconds
  Import took 0.015939 seconds .

========================================================================
Received Import Request.
  Time since last request: 0.000166 seconds.
  path: Assets/art/tiles/slimes_Move_17.asset
  artifactKey: Guid(54f57d92d4cc36f4184baf585b0a8e35) Importer(815301076,1909f56bfc062723c751e8b465ee728b)
Start importing Assets/art/tiles/slimes_Move_17.asset using Guid(54f57d92d4cc36f4184baf585b0a8e35) Importer(815301076,1909f56bfc062723c751e8b465ee728b)  -> (artifact id: 'e4edb7ca5bbef807538dd4f3b18f662b') in 0.011265 seconds
  Import took 0.015106 seconds .

========================================================================
Received Import Request.
  Time since last request: 0.000178 seconds.
  path: Assets/art/tiles/slimes_Move_25.asset
  artifactKey: Guid(aeb4ff314b9f5604d996fee17063d553) Importer(815301076,1909f56bfc062723c751e8b465ee728b)
Start importing Assets/art/tiles/slimes_Move_25.asset using Guid(aeb4ff314b9f5604d996fee17063d553) Importer(815301076,1909f56bfc062723c751e8b465ee728b)  -> (artifact id: 'e0d1c87f496a2fcbab2a08047e916b1d') in 0.010827 seconds
  Import took 0.014272 seconds .

========================================================================
Received Import Request.
  Time since last request: 0.000288 seconds.
  path: Assets/art/tiles/slimes_Move_19.asset
  artifactKey: Guid(d2436e1b80fd66e46b608419b8ad1f83) Importer(815301076,1909f56bfc062723c751e8b465ee728b)
Start importing Assets/art/tiles/slimes_Move_19.asset using Guid(d2436e1b80fd66e46b608419b8ad1f83) Importer(815301076,1909f56bfc062723c751e8b465ee728b)  -> (artifact id: '18c5ed20a387f589b6e7f3a4c4653a84') in 0.011208 seconds
  Import took 0.014915 seconds .

========================================================================
Received Import Request.
  Time since last request: 0.000224 seconds.
  path: Assets/art/tiles/slimes_Move_30.asset
  artifactKey: Guid(d04e0bd89211ece4fb206e5f69cad0b3) Importer(815301076,1909f56bfc062723c751e8b465ee728b)
Start importing Assets/art/tiles/slimes_Move_30.asset using Guid(d04e0bd89211ece4fb206e5f69cad0b3) Importer(815301076,1909f56bfc062723c751e8b465ee728b)  -> (artifact id: '29eefac3b72f2d15ae81ceecde983a89') in 0.010717 seconds
  Import took 0.014825 seconds .

========================================================================
Received Import Request.
  Time since last request: 0.000239 seconds.
  path: Assets/art/tiles/slimes_Move_13.asset
  artifactKey: Guid(1fec41eaa1ca5fc458066e000c47e7e3) Importer(815301076,1909f56bfc062723c751e8b465ee728b)
Start importing Assets/art/tiles/slimes_Move_13.asset using Guid(1fec41eaa1ca5fc458066e000c47e7e3) Importer(815301076,1909f56bfc062723c751e8b465ee728b)  -> (artifact id: '1bec0848620b0aedc518bc5a5e2791be') in 0.011931 seconds
  Import took 0.015964 seconds .

========================================================================
Received Import Request.
  Time since last request: 0.000189 seconds.
  path: Assets/art/tiles/slimes_Move_14.asset
  artifactKey: Guid(0b8d9788c4dbf3a468df2981ff542373) Importer(815301076,1909f56bfc062723c751e8b465ee728b)
Start importing Assets/art/tiles/slimes_Move_14.asset using Guid(0b8d9788c4dbf3a468df2981ff542373) Importer(815301076,1909f56bfc062723c751e8b465ee728b)  -> (artifact id: 'c2912702e1bd6a8f7e8cad7759f24a0f') in 0.011731 seconds
  Import took 0.015841 seconds .

========================================================================
Received Import Request.
  Time since last request: 0.000207 seconds.
  path: Assets/art/tiles/slimes_Move_18.asset
  artifactKey: Guid(b09ee3e6a30371141a21326cf1babe30) Importer(815301076,1909f56bfc062723c751e8b465ee728b)
Start importing Assets/art/tiles/slimes_Move_18.asset using Guid(b09ee3e6a30371141a21326cf1babe30) Importer(815301076,1909f56bfc062723c751e8b465ee728b)  -> (artifact id: '791d07ba5bc1dc27b3d7dd2e937d9c7e') in 0.011295 seconds
  Import took 0.015596 seconds .

========================================================================
Received Import Request.
  Time since last request: 0.000196 seconds.
  path: Assets/art/tiles/slimes_Move_10.asset
  artifactKey: Guid(5b2158d2ef59f844ab7f91151720d80d) Importer(815301076,1909f56bfc062723c751e8b465ee728b)
Start importing Assets/art/tiles/slimes_Move_10.asset using Guid(5b2158d2ef59f844ab7f91151720d80d) Importer(815301076,1909f56bfc062723c751e8b465ee728b)  -> (artifact id: 'babf8fcbb663b324e80b2c67e74915d4') in 0.012442 seconds
  Import took 0.016021 seconds .

========================================================================
Received Import Request.
  Time since last request: 0.000211 seconds.
  path: Assets/art/tiles/slimes_Move_31.asset
  artifactKey: Guid(af738b98c8720244788b02cef5fc4612) Importer(815301076,1909f56bfc062723c751e8b465ee728b)
Start importing Assets/art/tiles/slimes_Move_31.asset using Guid(af738b98c8720244788b02cef5fc4612) Importer(815301076,1909f56bfc062723c751e8b465ee728b)  -> (artifact id: '1647476698811fc77aebdccb35d19991') in 0.012547 seconds
  Import took 0.016194 seconds .

========================================================================
Received Import Request.
  Time since last request: 0.000219 seconds.
  path: Assets/art/tiles/slimes_Move_26.asset
  artifactKey: Guid(006eaed031defd34c801643b36de2076) Importer(815301076,1909f56bfc062723c751e8b465ee728b)
Start importing Assets/art/tiles/slimes_Move_26.asset using Guid(006eaed031defd34c801643b36de2076) Importer(815301076,1909f56bfc062723c751e8b465ee728b)  -> (artifact id: '7e767b5c86f06ca51bb9e2479cce320c') in 0.012309 seconds
  Import took 0.016331 seconds .

========================================================================
Received Import Request.
  Time since last request: 0.000197 seconds.
  path: Assets/art/tiles/slimes_Move_22.asset
  artifactKey: Guid(4352cd37fd97fc94f9f2afec4ca0bb65) Importer(815301076,1909f56bfc062723c751e8b465ee728b)
Start importing Assets/art/tiles/slimes_Move_22.asset using Guid(4352cd37fd97fc94f9f2afec4ca0bb65) Importer(815301076,1909f56bfc062723c751e8b465ee728b)  -> (artifact id: '3216f984db9de77024e8b3aeb6c55eef') in 0.013943 seconds
  Import took 0.017928 seconds .

========================================================================
Received Import Request.
  Time since last request: 0.000226 seconds.
  path: Assets/art/tiles/slimes_Move_24.asset
  artifactKey: Guid(d18f1bbe9c90ab74797f25d1896c14ac) Importer(815301076,1909f56bfc062723c751e8b465ee728b)
Start importing Assets/art/tiles/slimes_Move_24.asset using Guid(d18f1bbe9c90ab74797f25d1896c14ac) Importer(815301076,1909f56bfc062723c751e8b465ee728b)  -> (artifact id: 'd96a1d52a944a0ee6206c56f2178e8a1') in 0.011607 seconds
  Import took 0.015586 seconds .

========================================================================
Received Import Request.
  Time since last request: 0.000196 seconds.
  path: Assets/art/tiles/slimes_Move_15.asset
  artifactKey: Guid(bf09c350d7da44d4197335be0ef79a24) Importer(815301076,1909f56bfc062723c751e8b465ee728b)
Start importing Assets/art/tiles/slimes_Move_15.asset using Guid(bf09c350d7da44d4197335be0ef79a24) Importer(815301076,1909f56bfc062723c751e8b465ee728b)  -> (artifact id: '31b02cb82b93f6d6d79d8cfadc173b4b') in 0.012991 seconds
  Import took 0.016486 seconds .

========================================================================
Received Import Request.
  Time since last request: 0.000219 seconds.
  path: Assets/art/tiles/slimes_Move_21.asset
  artifactKey: Guid(1bd9489b5f1f5ff4889117ddeede5e24) Importer(815301076,1909f56bfc062723c751e8b465ee728b)
Start importing Assets/art/tiles/slimes_Move_21.asset using Guid(1bd9489b5f1f5ff4889117ddeede5e24) Importer(815301076,1909f56bfc062723c751e8b465ee728b)  -> (artifact id: '56a4d8863e350f0381f28c6721fca41c') in 0.012225 seconds
  Import took 0.016345 seconds .

========================================================================
Received Import Request.
  Time since last request: 0.000196 seconds.
  path: Assets/art/tiles/slimes_Move_28.asset
  artifactKey: Guid(89cd16536c889f949b7fd0f5a75b419e) Importer(815301076,1909f56bfc062723c751e8b465ee728b)
Start importing Assets/art/tiles/slimes_Move_28.asset using Guid(89cd16536c889f949b7fd0f5a75b419e) Importer(815301076,1909f56bfc062723c751e8b465ee728b)  -> (artifact id: 'a47cb765a158842a8d644f1614a97625') in 0.014667 seconds
  Import took 0.018463 seconds .

========================================================================
Received Import Request.
  Time since last request: 0.000234 seconds.
  path: Assets/art/tiles/slimes_Move_27.asset
  artifactKey: Guid(3b8e7fd93c8b13b4396e60a62a51a29a) Importer(815301076,1909f56bfc062723c751e8b465ee728b)
Start importing Assets/art/tiles/slimes_Move_27.asset using Guid(3b8e7fd93c8b13b4396e60a62a51a29a) Importer(815301076,1909f56bfc062723c751e8b465ee728b)  -> (artifact id: 'c028d799566525f08b77b821414ff35a') in 0.012408 seconds
  Import took 0.016599 seconds .

========================================================================
Received Import Request.
  Time since last request: 0.000192 seconds.
  path: Assets/art/tiles/slimes_Move_1.asset
  artifactKey: Guid(bae61127ab8cd2e4296951f5b7d17354) Importer(815301076,1909f56bfc062723c751e8b465ee728b)
Start importing Assets/art/tiles/slimes_Move_1.asset using Guid(bae61127ab8cd2e4296951f5b7d17354) Importer(815301076,1909f56bfc062723c751e8b465ee728b)  -> (artifact id: '03c600beb8895eae46b5cce2add88293') in 0.011515 seconds
  Import took 0.015434 seconds .

========================================================================
Received Import Request.
  Time since last request: 0.000329 seconds.
  path: Assets/art/tiles/slimes_Move_11.asset
  artifactKey: Guid(eb5b6bfe7bf12fe48a79c18a5ad51e94) Importer(815301076,1909f56bfc062723c751e8b465ee728b)
Start importing Assets/art/tiles/slimes_Move_11.asset using Guid(eb5b6bfe7bf12fe48a79c18a5ad51e94) Importer(815301076,1909f56bfc062723c751e8b465ee728b)  -> (artifact id: '1441a69eed5ca964a4a8fab888e85de7') in 0.011349 seconds
  Import took 0.015247 seconds .

========================================================================
Received Import Request.
  Time since last request: 0.000228 seconds.
  path: Assets/art/tiles/slimes_Move_3.asset
  artifactKey: Guid(9600ad5196e01794bb25b5f4f6838262) Importer(815301076,1909f56bfc062723c751e8b465ee728b)
Start importing Assets/art/tiles/slimes_Move_3.asset using Guid(9600ad5196e01794bb25b5f4f6838262) Importer(815301076,1909f56bfc062723c751e8b465ee728b)  -> (artifact id: 'dffb14f74e29a247acffb28de0e18468') in 0.012516 seconds
  Import took 0.017254 seconds .

========================================================================
Received Import Request.
  Time since last request: 0.000251 seconds.
  path: Assets/art/tiles/slimes_Move_16.asset
  artifactKey: Guid(b0f4a68138cc28140b9adecf5c7433ff) Importer(815301076,1909f56bfc062723c751e8b465ee728b)
Start importing Assets/art/tiles/slimes_Move_16.asset using Guid(b0f4a68138cc28140b9adecf5c7433ff) Importer(815301076,1909f56bfc062723c751e8b465ee728b)  -> (artifact id: '7df90091a8be6ff19009548df18a9fc4') in 0.011791 seconds
  Import took 0.015455 seconds .

========================================================================
Received Import Request.
  Time since last request: 0.000216 seconds.
  path: Assets/art/tiles/slimes_Move_29.asset
  artifactKey: Guid(ab7d41130788c684298cfd55db4bb40e) Importer(815301076,1909f56bfc062723c751e8b465ee728b)
Start importing Assets/art/tiles/slimes_Move_29.asset using Guid(ab7d41130788c684298cfd55db4bb40e) Importer(815301076,1909f56bfc062723c751e8b465ee728b)  -> (artifact id: 'b2e1d1254e09199dc1e0ffc8946f6998') in 0.015576 seconds
  Import took 0.020201 seconds .

========================================================================
Received Import Request.
  Time since last request: 0.000249 seconds.
  path: Assets/art/tiles/slimes_Move_2.asset
  artifactKey: Guid(1731b4c58a85a89428d954c7ed11a9a1) Importer(815301076,1909f56bfc062723c751e8b465ee728b)
Start importing Assets/art/tiles/slimes_Move_2.asset using Guid(1731b4c58a85a89428d954c7ed11a9a1) Importer(815301076,1909f56bfc062723c751e8b465ee728b)  -> (artifact id: '77028ee8744d50811564d861bae15040') in 0.013311 seconds
  Import took 0.017551 seconds .

========================================================================
Received Import Request.
  Time since last request: 0.000254 seconds.
  path: Assets/art/tiles/slimes_Move_7.asset
  artifactKey: Guid(7dca81d21040fd646be9ab04a2dcd87e) Importer(815301076,1909f56bfc062723c751e8b465ee728b)
Start importing Assets/art/tiles/slimes_Move_7.asset using Guid(7dca81d21040fd646be9ab04a2dcd87e) Importer(815301076,1909f56bfc062723c751e8b465ee728b)  -> (artifact id: 'd7f379ca646096013d34d61d552a4ab7') in 0.012526 seconds
  Import took 0.016674 seconds .

========================================================================
Received Prepare
Reloading mono domain
Begin MonoManager ReloadAssembly
Registering precompiled unity dll's ...
Register platform support module: C:/Program Files/Unity/Hub/Editor/2020.2.0a18/Editor/Data/PlaybackEngines/WindowsStandaloneSupport/UnityEditor.WindowsStandalone.Extensions.dll
Registered in 0.002977 seconds.
Symbol file LoadedFromMemory doesn't match image C:\Users\dkalo\Desktop\oca\Game\Library\PackageCache\com.unity.ext.nunit@1.0.0\net35\unity-custom\nunit.framework.dll
Native extension for WindowsStandalone target not found
Refreshing native plugins compatible for Editor in 49.84 ms, found 0 plugins.
Preloading 0 native plugins for Editor in 0.00 ms.
Invoked RoslynAnalysisRunner static constructor.
RoslynAnalysisRunner will not be running.
RoslynAnalysisRunner has terminated.
Mono: successfully reloaded assembly
- Completed reload, in  1.969 seconds
Registering precompiled user dll's ...
Registered in 0.158639 seconds.
Platform modules already initialized, skipping
Begin MonoManager ReloadAssembly
Symbol file LoadedFromMemory doesn't match image C:\Users\dkalo\Desktop\oca\Game\Library\PackageCache\com.unity.ext.nunit@1.0.0\net35\unity-custom\nunit.framework.dll
Native extension for WindowsStandalone target not found
Refreshing native plugins compatible for Editor in 0.56 ms, found 0 plugins.
Preloading 0 native plugins for Editor in 0.00 ms.
Invoked RoslynAnalysisRunner static constructor.
RoslynAnalysisRunner will not be running.
RoslynAnalysisRunner has terminated.
Mono: successfully reloaded assembly
- Completed reload, in  1.858 seconds
Platform modules already initialized, skipping
Shader 'Universal Render Pipeline/Particles/Lit': fallback shader 'Universal Render Pipeline/Particles/SimpleLit' not found
Shader 'Universal Render Pipeline/Particles/Lit': fallback shader 'Universal Render Pipeline/Particles/SimpleLit' not found
Refreshing native plugins compatible for Editor in 0.42 ms, found 0 plugins.
Preloading 0 native plugins for Editor in 0.00 ms.
Unloading 40 Unused Serialized files (Serialized files now loaded: 0)
System memory in use before: 58.0 MB.
System memory in use after: 56.7 MB.

Unloading 39 unused Assets to reduce memory usage. Loaded Objects now: 2753.
Total: 2.817800 ms (FindLiveObjects: 0.427000 ms CreateObjectMapping: 0.065900 ms MarkObjects: 1.503900 ms  DeleteObjects: 0.820200 ms)

========================================================================
Received Prepare
Reloading mono domain
Begin MonoManager ReloadAssembly
Registering precompiled unity dll's ...
Register platform support module: C:/Program Files/Unity/Hub/Editor/2020.2.0a18/Editor/Data/PlaybackEngines/WindowsStandaloneSupport/UnityEditor.WindowsStandalone.Extensions.dll
Registered in 0.003067 seconds.
Symbol file LoadedFromMemory doesn't match image C:\Users\dkalo\Desktop\oca\Game\Library\PackageCache\com.unity.ext.nunit@1.0.0\net35\unity-custom\nunit.framework.dll
Native extension for WindowsStandalone target not found
Refreshing native plugins compatible for Editor in 47.98 ms, found 0 plugins.
Preloading 0 native plugins for Editor in 0.00 ms.
Invoked RoslynAnalysisRunner static constructor.
RoslynAnalysisRunner will not be running.
RoslynAnalysisRunner has terminated.
Mono: successfully reloaded assembly
- Completed reload, in  2.338 seconds
Registering precompiled user dll's ...
Registered in 0.166995 seconds.
Platform modules already initialized, skipping
Begin MonoManager ReloadAssembly
Symbol file LoadedFromMemory doesn't match image C:\Users\dkalo\Desktop\oca\Game\Library\PackageCache\com.unity.ext.nunit@1.0.0\net35\unity-custom\nunit.framework.dll
Native extension for WindowsStandalone target not found
Refreshing native plugins compatible for Editor in 1.80 ms, found 0 plugins.
Preloading 0 native plugins for Editor in 0.00 ms.
Invoked RoslynAnalysisRunner static constructor.
RoslynAnalysisRunner will not be running.
RoslynAnalysisRunner has terminated.
Mono: successfully reloaded assembly
- Completed reload, in  3.225 seconds
Platform modules already initialized, skipping
Shader 'Universal Render Pipeline/Particles/Lit': fallback shader 'Universal Render Pipeline/Particles/SimpleLit' not found
Shader 'Universal Render Pipeline/Particles/Lit': fallback shader 'Universal Render Pipeline/Particles/SimpleLit' not found
Refreshing native plugins compatible for Editor in 0.58 ms, found 0 plugins.
Preloading 0 native plugins for Editor in 0.00 ms.
Unloading 40 Unused Serialized files (Serialized files now loaded: 0)
System memory in use before: 58.1 MB.
System memory in use after: 56.8 MB.

Unloading 39 unused Assets to reduce memory usage. Loaded Objects now: 2757.
Total: 2.778000 ms (FindLiveObjects: 0.413000 ms CreateObjectMapping: 0.086200 ms MarkObjects: 1.400400 ms  DeleteObjects: 0.877600 ms)

========================================================================
Received Prepare
Shader 'Universal Render Pipeline/Particles/Lit': fallback shader 'Universal Render Pipeline/Particles/SimpleLit' not found
Shader 'Universal Render Pipeline/Particles/Lit': fallback shader 'Universal Render Pipeline/Particles/SimpleLit' not found
Refreshing native plugins compatible for Editor in 1.87 ms, found 0 plugins.
Preloading 0 native plugins for Editor in 0.00 ms.
Unloading 37 Unused Serialized files (Serialized files now loaded: 0)
System memory in use before: 57.8 MB.
System memory in use after: 56.5 MB.

Unloading 37 unused Assets to reduce memory usage. Loaded Objects now: 2757.
Total: 3.560900 ms (FindLiveObjects: 0.683100 ms CreateObjectMapping: 0.103200 ms MarkObjects: 1.737000 ms  DeleteObjects: 1.037000 ms)

AssetImportWorkerClient::OnTransportError - code=2 error=End of file
